2013-07-09 15:40:19 INFO  [Case:JSTest=>stearunjs]开始对xml资源进行扫描....
2013-07-09 15:40:19 INFO  [Case:JSTest=>stearunjs]扫描收集了资源->百度首页-搜索框
2013-07-09 15:40:19 INFO  [Case:JSTest=>stearunjs]扫描收集了资源->百度首页-搜索按钮
2013-07-09 15:40:19 INFO  [Case:JSTest=>stearunjs]扫描收集了资源->
2013-07-09 15:40:19 INFO  [Case:JSTest=>stearunjs]扫描XML资源完毕...
2013-07-09 15:40:19 INFO  [Case:JSTest=>stearunjs]开始扫描txt的资源元素...
2013-07-09 15:40:19 INFO  [Case:JSTest=>stearunjs]txt资源扫描结束
2013-07-09 15:40:32 INFO  [Case:JSTest=>stearunjs]扫描file类型的class文件...
2013-07-09 15:40:32 INFO  [Case:JSTest=>stearunjs]扫描file类型的class文件...
2013-07-09 15:40:32 INFO  [Case:JSTest=>stearunjs]开始扫描动作监听器......
2013-07-09 15:40:32 INFO  [Case:JSTest=>stearunjs]扫描动作监听器结束
2013-07-09 15:40:50 INFO  [Case:JSTest=>stearunjs]使用浏览器Firefox进行自动化测试，将要打开网址http://www.baidu.com测试
2013-07-09 15:40:51 INFO  [Case:JSTest=>stearunjs]关闭了所有的浏览器！
2013-07-09 15:53:35 INFO  [Case:JSTest=>stearunjs]开始对xml资源进行扫描....
2013-07-09 15:53:35 INFO  [Case:JSTest=>stearunjs]扫描收集了资源->百度首页-搜索框
2013-07-09 15:53:35 INFO  [Case:JSTest=>stearunjs]扫描收集了资源->百度首页-搜索按钮
2013-07-09 15:53:35 INFO  [Case:JSTest=>stearunjs]扫描收集了资源->
2013-07-09 15:53:35 INFO  [Case:JSTest=>stearunjs]扫描XML资源完毕...
2013-07-09 15:53:35 INFO  [Case:JSTest=>stearunjs]开始扫描txt的资源元素...
2013-07-09 15:53:35 INFO  [Case:JSTest=>stearunjs]txt资源扫描结束
2013-07-09 15:53:46 INFO  [Case:JSTest=>stearunjs]扫描file类型的class文件...
2013-07-09 15:53:46 INFO  [Case:JSTest=>stearunjs]扫描file类型的class文件...
2013-07-09 15:53:46 INFO  [Case:JSTest=>stearunjs]开始扫描动作监听器......
2013-07-09 15:53:46 INFO  [Case:JSTest=>stearunjs]扫描动作监听器结束
2013-07-09 15:53:58 INFO  [Case:JSTest=>stearunjs]使用浏览器Firefox进行自动化测试，将要打开网址http://www.baidu.com测试
2013-07-09 15:53:59 INFO  [Case:JSTest=>stearunjs]关闭了所有的浏览器！
2013-07-09 15:54:05 INFO  [Case:JSTest=>stearunjs]初始化了浏览器FIREFOX来进行自动化测试
2013-07-09 15:55:08 INFO  [Main]初始化了浏览器FIREFOX来进行自动化测试
2013-07-09 15:57:14 INFO  [Main]初始化了浏览器FIREFOX来进行自动化测试
2013-07-09 15:57:24 INFO  [Main]窗口的句柄数增多，进行句柄收集操作
2013-07-09 15:57:25 INFO  [Main]添加了新的窗口信息->百度一下，你就知道
2013-07-09 15:57:25 INFO  [Main]当前初始化页面信息：URL--->http://www.baidu.com/
2013-07-09 15:57:25 INFO  [Main]当前初始化页面信息：Title--->百度一下，你就知道
2013-07-09 15:57:25 INFO  [Main]当前初始化页面信息：窗口句柄数--->1
2013-07-09 15:57:25 INFO  [Main]浏览器执行了javascript--> alert('hello,world')
2013-07-09 15:57:25 INFO  [Main]关闭了浏览器
