2013-07-10 17:12:22 INFO  [Case:LocatorTest=>steatag]开始对xml资源进行扫描....
2013-07-10 17:12:23 INFO  [Case:LocatorTest=>steatag]扫描收集了资源->百度首页-搜索框
2013-07-10 17:12:23 INFO  [Case:LocatorTest=>steatag]扫描收集了资源->百度首页-搜索按钮
2013-07-10 17:12:23 INFO  [Case:LocatorTest=>steatag]扫描收集了资源->
2013-07-10 17:12:23 INFO  [Case:LocatorTest=>steatag]扫描XML资源完毕...
2013-07-10 17:12:23 INFO  [Case:LocatorTest=>steatag]开始扫描txt的资源元素...
2013-07-10 17:12:23 INFO  [Case:LocatorTest=>steatag]txt资源扫描结束
2013-07-10 17:12:40 INFO  [Case:LocatorTest=>steatag]扫描file类型的class文件...
2013-07-10 17:12:40 INFO  [Case:LocatorTest=>steatag]扫描file类型的class文件...
2013-07-10 17:12:41 INFO  [Case:LocatorTest=>steatag]开始扫描动作监听器......
2013-07-10 17:12:41 INFO  [Case:LocatorTest=>steatag]扫描动作监听器结束
2013-07-10 17:13:44 INFO  [Case:LocatorTest=>steatag]开始对xml资源进行扫描....
2013-07-10 17:13:44 INFO  [Case:LocatorTest=>steatag]扫描收集了资源->百度首页-搜索框
2013-07-10 17:13:44 INFO  [Case:LocatorTest=>steatag]扫描收集了资源->百度首页-搜索按钮
2013-07-10 17:13:44 INFO  [Case:LocatorTest=>steatag]扫描收集了资源->
2013-07-10 17:13:44 INFO  [Case:LocatorTest=>steatag]扫描XML资源完毕...
2013-07-10 17:13:44 INFO  [Case:LocatorTest=>steatag]开始扫描txt的资源元素...
2013-07-10 17:13:44 INFO  [Case:LocatorTest=>steatag]txt资源扫描结束
2013-07-10 17:13:53 INFO  [Case:LocatorTest=>steatag]扫描file类型的class文件...
2013-07-10 17:13:53 INFO  [Case:LocatorTest=>steatag]扫描file类型的class文件...
2013-07-10 17:13:54 INFO  [Case:LocatorTest=>steatag]开始扫描动作监听器......
2013-07-10 17:13:54 INFO  [Case:LocatorTest=>steatag]扫描动作监听器结束
2013-07-10 17:14:02 INFO  [Case:LocatorTest=>steatag]使用浏览器Firefox进行自动化测试，将要打开网址http://localhost:3000/action测试
2013-07-10 17:14:03 INFO  [Case:LocatorTest=>steatag]>>[Element]点击成功！
2013-07-10 17:14:03 INFO  [Case:LocatorTest=>steatag][Element]得到文本内容为[tagName就是标签名的意思。关于TagName的使用就更加的普遍了，因为页面就是由HTML的各种各样的标签组成的，所以我们在这里演示一个例子，就是把当前框框内的这段话打印出来。顺便我们还会讲解一下 findELements的使用方法。findElement是返回一个元素，findElements是返回一组元素。其实我在观察selenium的源码的时候，findElement就是findElement()取第一个元素 的实现。所以有的时候我们碰见了一组元素使用findElement也不会报错，因为它会把我们得到的第一个元素返回。在webdriver的演示代码中我会使用到层级定位的方式，通过注释的方式 来描述出来，大家可以理解一下。具体的使用情况我们通过源码来解析。]
2013-07-10 17:14:07 INFO  [Case:LocatorTest=>steatag]关闭了所有的浏览器！
