2013-07-17 15:49:03 INFO  [Case:ActionTest=>steamouseover]开始对xml资源进行扫描....
2013-07-17 15:49:03 INFO  [Case:ActionTest=>steamouseover]扫描收集了资源->百度首页-搜索框
2013-07-17 15:49:03 INFO  [Case:ActionTest=>steamouseover]扫描收集了资源->百度首页-搜索按钮
2013-07-17 15:49:03 INFO  [Case:ActionTest=>steamouseover]扫描收集了资源->
2013-07-17 15:49:03 INFO  [Case:ActionTest=>steamouseover]扫描XML资源完毕...
2013-07-17 15:49:03 INFO  [Case:ActionTest=>steamouseover]开始扫描txt的资源元素...
2013-07-17 15:49:03 INFO  [Case:ActionTest=>steamouseover]txt资源扫描结束
2013-07-17 15:49:22 INFO  [Case:ActionTest=>steamouseover]扫描file类型的class文件...
2013-07-17 15:49:22 INFO  [Case:ActionTest=>steamouseover]扫描file类型的class文件...
2013-07-17 15:49:22 INFO  [Case:ActionTest=>steamouseover]开始扫描动作监听器......
2013-07-17 15:49:22 INFO  [Case:ActionTest=>steamouseover]扫描动作监听器结束
2013-07-17 15:49:50 INFO  [Case:ActionTest=>steamouseover]使用浏览器Firefox进行自动化测试，将要打开网址http://www.it168.com测试
2013-07-17 15:49:51 INFO  [Case:ActionTest=>steamouseover]>>[Element]鼠标悬停成功！
2013-07-17 15:49:52 INFO  [Case:ActionTest=>steamouseover]>>[Element]点击成功！
2013-07-17 15:49:56 INFO  [Case:ActionTest=>steamouseover]关闭了所有的浏览器！
2013-07-17 15:58:39 INFO  [Main]初始化了浏览器FIREFOX来进行自动化测试
2013-07-17 15:58:55 INFO  [Main]窗口的句柄数增多，进行句柄收集操作
2013-07-17 15:58:55 INFO  [Main]添加了新的窗口信息->IT168.com – IT主流资讯互动平台
2013-07-17 15:58:56 INFO  [Main]当前初始化页面信息：URL--->http://www.it168.com/
2013-07-17 15:58:56 INFO  [Main]当前初始化页面信息：Title--->IT168.com – IT主流资讯互动平台
2013-07-17 15:58:56 INFO  [Main]当前初始化页面信息：窗口句柄数--->1
2013-07-17 15:58:57 INFO  [Main][By.xpath: .//*[@id='h80']/dt/i[1]/a[1]]元素处鼠标悬浮成功！
2013-07-17 15:58:58 INFO  [Main][By.xpath: .//*[@id='h80']/dt/div/span[1]/ul/li[1]/a]点击操作成功
2013-07-17 15:59:01 ERROR [Main]driver是空值！不存在认识的浏览器对象！
2013-07-17 16:01:32 INFO  [Main]初始化了浏览器FIREFOX来进行自动化测试
2013-07-17 16:01:46 INFO  [Main]窗口的句柄数增多，进行句柄收集操作
2013-07-17 16:01:47 INFO  [Main]添加了新的窗口信息->IT168.com – IT主流资讯互动平台
2013-07-17 16:01:47 INFO  [Main]当前初始化页面信息：URL--->http://www.it168.com/
2013-07-17 16:01:47 INFO  [Main]当前初始化页面信息：Title--->IT168.com – IT主流资讯互动平台
2013-07-17 16:01:47 INFO  [Main]当前初始化页面信息：窗口句柄数--->1
2013-07-17 16:01:47 INFO  [Main][By.xpath: .//*[@id='h80']/dt/i[1]/a[1]]元素处鼠标悬浮成功！
2013-07-17 16:01:47 INFO  [Main][By.xpath: .//*[@id='h80']/dt/i[1]/a[1]]获取元素位置操作成功
2013-07-17 16:01:47 INFO  [Main]浏览器执行了javascript--> window.scrollTo(166,1)
2013-07-17 16:01:47 INFO  [Main][By.xpath: .//*[@id='h80']/dt/i[1]/a[1]]视角移动到了[166,1]的位置
2013-07-17 16:01:48 INFO  [Main][By.xpath: .//*[@id='h80']/dt/div/span[1]/ul/li[1]/a]点击操作成功
2013-07-17 16:01:52 INFO  [Main]关闭了浏览器
2013-07-17 16:38:21 INFO  [Case:ActionTest=>steakeytest]开始对xml资源进行扫描....
2013-07-17 16:38:21 INFO  [Case:ActionTest=>steakeytest]扫描收集了资源->百度首页-搜索框
2013-07-17 16:38:21 INFO  [Case:ActionTest=>steakeytest]扫描收集了资源->百度首页-搜索按钮
2013-07-17 16:38:21 INFO  [Case:ActionTest=>steakeytest]扫描收集了资源->
2013-07-17 16:38:21 INFO  [Case:ActionTest=>steakeytest]扫描XML资源完毕...
2013-07-17 16:38:21 INFO  [Case:ActionTest=>steakeytest]开始扫描txt的资源元素...
2013-07-17 16:38:21 INFO  [Case:ActionTest=>steakeytest]txt资源扫描结束
2013-07-17 16:38:35 INFO  [Case:ActionTest=>steakeytest]扫描file类型的class文件...
2013-07-17 16:38:35 INFO  [Case:ActionTest=>steakeytest]扫描file类型的class文件...
2013-07-17 16:38:36 INFO  [Case:ActionTest=>steakeytest]开始扫描动作监听器......
2013-07-17 16:38:36 INFO  [Case:ActionTest=>steakeytest]扫描动作监听器结束
2013-07-17 16:38:45 INFO  [Case:ActionTest=>steakeytest]使用浏览器Firefox进行自动化测试，将要打开网址http://www.baidu.com测试
2013-07-17 16:38:45 INFO  [Case:ActionTest=>steakeytest]>>[Element]输入值[北京]成功！
2013-07-17 16:40:40 INFO  [Case:ActionTest=>steakeytest]开始对xml资源进行扫描....
2013-07-17 16:40:40 INFO  [Case:ActionTest=>steakeytest]扫描收集了资源->百度首页-搜索框
2013-07-17 16:40:40 INFO  [Case:ActionTest=>steakeytest]扫描收集了资源->百度首页-搜索按钮
2013-07-17 16:40:40 INFO  [Case:ActionTest=>steakeytest]扫描收集了资源->
2013-07-17 16:40:40 INFO  [Case:ActionTest=>steakeytest]扫描XML资源完毕...
2013-07-17 16:40:40 INFO  [Case:ActionTest=>steakeytest]开始扫描txt的资源元素...
2013-07-17 16:40:40 INFO  [Case:ActionTest=>steakeytest]txt资源扫描结束
2013-07-17 16:40:53 INFO  [Case:ActionTest=>steakeytest]扫描file类型的class文件...
2013-07-17 16:40:53 INFO  [Case:ActionTest=>steakeytest]扫描file类型的class文件...
2013-07-17 16:40:54 INFO  [Case:ActionTest=>steakeytest]开始扫描动作监听器......
2013-07-17 16:40:54 INFO  [Case:ActionTest=>steakeytest]扫描动作监听器结束
2013-07-17 16:41:04 INFO  [Case:ActionTest=>steakeytest]使用浏览器Firefox进行自动化测试，将要打开网址http://www.baidu.com测试
2013-07-17 16:41:05 INFO  [Case:ActionTest=>steakeytest]>>[Element]输入值[北京]成功！
2013-07-17 16:41:08 INFO  [Case:ActionTest=>steakeytest]关闭了所有的浏览器！
2013-07-17 16:45:19 INFO  [Main]初始化了浏览器FIREFOX来进行自动化测试
2013-07-17 16:45:28 INFO  [Main]窗口的句柄数增多，进行句柄收集操作
2013-07-17 16:45:28 INFO  [Main]添加了新的窗口信息->百度一下，你就知道
2013-07-17 16:45:28 INFO  [Main]当前初始化页面信息：URL--->http://www.baidu.com/
2013-07-17 16:45:28 INFO  [Main]当前初始化页面信息：Title--->百度一下，你就知道
2013-07-17 16:45:28 INFO  [Main]当前初始化页面信息：窗口句柄数--->1
2013-07-17 16:45:29 INFO  [Main][By.id: kw]输入[北京]值操作成功
2013-07-17 16:45:32 INFO  [Main]关闭了浏览器
2013-07-17 17:45:55 INFO  [Case:ActionTest=>steaFrameTest]开始对xml资源进行扫描....
2013-07-17 17:45:55 INFO  [Case:ActionTest=>steaFrameTest]扫描收集了资源->百度首页-搜索框
2013-07-17 17:45:55 INFO  [Case:ActionTest=>steaFrameTest]扫描收集了资源->百度首页-搜索按钮
2013-07-17 17:45:55 INFO  [Case:ActionTest=>steaFrameTest]扫描收集了资源->
2013-07-17 17:45:55 INFO  [Case:ActionTest=>steaFrameTest]扫描XML资源完毕...
2013-07-17 17:45:55 INFO  [Case:ActionTest=>steaFrameTest]开始扫描txt的资源元素...
2013-07-17 17:45:55 INFO  [Case:ActionTest=>steaFrameTest]txt资源扫描结束
2013-07-17 17:46:10 INFO  [Case:ActionTest=>steaFrameTest]扫描file类型的class文件...
2013-07-17 17:46:10 INFO  [Case:ActionTest=>steaFrameTest]扫描file类型的class文件...
2013-07-17 17:46:10 INFO  [Case:ActionTest=>steaFrameTest]开始扫描动作监听器......
2013-07-17 17:46:10 INFO  [Case:ActionTest=>steaFrameTest]扫描动作监听器结束
2013-07-17 17:46:18 INFO  [Case:ActionTest=>steaFrameTest]使用浏览器Firefox进行自动化测试，将要打开网址http://lesson.ibiubiu.org测试
2013-07-17 17:46:19 INFO  [Case:ActionTest=>steaFrameTest]>>[Element]点击成功！
2013-07-17 17:46:25 INFO  [Case:ActionTest=>steaFrameTest]>>[Element]点击成功！
2013-07-17 17:46:26 INFO  [Case:ActionTest=>steaFrameTest]>>[Element]点击成功！
2013-07-17 17:46:27 INFO  [Case:ActionTest=>steaFrameTest]关闭了所有的浏览器！
2013-07-17 17:55:10 INFO  [Main]初始化了浏览器FIREFOX来进行自动化测试
2013-07-17 17:55:19 INFO  [Main]窗口的句柄数增多，进行句柄收集操作
2013-07-17 17:55:19 INFO  [Main]添加了新的窗口信息->Selenium WebDriver入门教程-Heroku | Welcome Here
2013-07-17 17:55:19 INFO  [Main]当前初始化页面信息：URL--->http://lesson.ibiubiu.org/
2013-07-17 17:55:19 INFO  [Main]当前初始化页面信息：Title--->Selenium WebDriver入门教程-Heroku | Welcome Here
2013-07-17 17:55:19 INFO  [Main]当前初始化页面信息：窗口句柄数--->1
2013-07-17 17:56:11 INFO  [Main]初始化了浏览器FIREFOX来进行自动化测试
2013-07-17 17:56:22 INFO  [Main]窗口的句柄数增多，进行句柄收集操作
2013-07-17 17:56:22 INFO  [Main]添加了新的窗口信息->Selenium WebDriver入门教程-Heroku | Welcome Here
2013-07-17 17:56:22 INFO  [Main]当前初始化页面信息：URL--->http://lesson.ibiubiu.org/
2013-07-17 17:56:22 INFO  [Main]当前初始化页面信息：Title--->Selenium WebDriver入门教程-Heroku | Welcome Here
2013-07-17 17:56:22 INFO  [Main]当前初始化页面信息：窗口句柄数--->1
2013-07-17 17:57:13 INFO  [Main]初始化了浏览器FIREFOX来进行自动化测试
2013-07-17 17:57:20 INFO  [Main]窗口的句柄数增多，进行句柄收集操作
2013-07-17 17:57:20 INFO  [Main]添加了新的窗口信息->Selenium WebDriver入门教程-Heroku | Welcome Here
2013-07-17 17:57:21 INFO  [Main]当前初始化页面信息：URL--->http://lesson.ibiubiu.org/
2013-07-17 17:57:21 INFO  [Main]当前初始化页面信息：Title--->Selenium WebDriver入门教程-Heroku | Welcome Here
2013-07-17 17:57:21 INFO  [Main]当前初始化页面信息：窗口句柄数--->1
2013-07-17 17:57:21 INFO  [Main][By.xpath: .//*[@id='nav-left']/li[4]/a]点击操作成功
2013-07-17 17:57:27 INFO  [Main][FrameElement]点击操作成功
2013-07-17 17:57:28 INFO  [Main]当前页面发生了变化，切换到了新的页面--->Selenium WebDriver入门教程-Heroku | Welcome Here
2013-07-17 18:07:06 INFO  [Main]初始化了浏览器FIREFOX来进行自动化测试
2013-07-17 18:07:19 INFO  [Main]窗口的句柄数增多，进行句柄收集操作
2013-07-17 18:07:19 INFO  [Main]添加了新的窗口信息->Selenium WebDriver入门教程-Heroku | Welcome Here
2013-07-17 18:07:19 INFO  [Main]当前初始化页面信息：URL--->http://lesson.ibiubiu.org/
2013-07-17 18:07:19 INFO  [Main]当前初始化页面信息：Title--->Selenium WebDriver入门教程-Heroku | Welcome Here
2013-07-17 18:07:19 INFO  [Main]当前初始化页面信息：窗口句柄数--->1
2013-07-17 18:07:20 INFO  [Main][By.xpath: .//*[@id='nav-left']/li[4]/a]点击操作成功
2013-07-17 18:07:25 INFO  [Main][FrameElement]点击操作成功
2013-07-17 18:07:26 INFO  [Main]当前页面发生了变化，切换到了新的页面--->Selenium WebDriver入门教程-Heroku | Welcome Here
2013-07-17 18:15:06 INFO  [Main]初始化了浏览器FIREFOX来进行自动化测试
2013-07-17 18:15:14 INFO  [Main]窗口的句柄数增多，进行句柄收集操作
2013-07-17 18:15:14 INFO  [Main]添加了新的窗口信息->Selenium WebDriver入门教程-Heroku | Welcome Here
2013-07-17 18:15:14 INFO  [Main]当前初始化页面信息：URL--->http://lesson.ibiubiu.org/
2013-07-17 18:15:14 INFO  [Main]当前初始化页面信息：Title--->Selenium WebDriver入门教程-Heroku | Welcome Here
2013-07-17 18:15:14 INFO  [Main]当前初始化页面信息：窗口句柄数--->1
2013-07-17 18:15:15 INFO  [Main][By.xpath: .//*[@id='nav-left']/li[4]/a]点击操作成功
2013-07-17 18:25:26 INFO  [Main]初始化了浏览器FIREFOX来进行自动化测试
2013-07-17 18:25:37 INFO  [Main]窗口的句柄数增多，进行句柄收集操作
2013-07-17 18:25:37 INFO  [Main]添加了新的窗口信息->Selenium WebDriver入门教程-Heroku | Welcome Here
2013-07-17 18:25:37 INFO  [Main]当前初始化页面信息：URL--->http://lesson.ibiubiu.org/
2013-07-17 18:25:37 INFO  [Main]当前初始化页面信息：Title--->Selenium WebDriver入门教程-Heroku | Welcome Here
2013-07-17 18:25:37 INFO  [Main]当前初始化页面信息：窗口句柄数--->1
2013-07-17 18:25:38 INFO  [Main][By.xpath: .//*[@id='nav-left']/li[4]/a]点击操作成功
2013-07-17 18:25:43 INFO  [Main][FrameElement]点击操作成功
2013-07-17 18:25:43 INFO  [Main]当前页面发生了变化，切换到了新的页面--->Selenium WebDriver入门教程-Heroku | Welcome Here
2013-07-17 18:46:33 INFO  [Main]初始化了浏览器FIREFOX来进行自动化测试
2013-07-17 18:46:41 INFO  [Main]窗口的句柄数增多，进行句柄收集操作
2013-07-17 18:46:41 INFO  [Main]添加了新的窗口信息->Selenium WebDriver入门教程-Heroku | Welcome Here
2013-07-17 18:46:41 INFO  [Main]当前初始化页面信息：URL--->http://lesson.ibiubiu.org/
2013-07-17 18:46:41 INFO  [Main]当前初始化页面信息：Title--->Selenium WebDriver入门教程-Heroku | Welcome Here
2013-07-17 18:46:41 INFO  [Main]当前初始化页面信息：窗口句柄数--->1
2013-07-17 18:46:42 INFO  [Main][By.xpath: .//*[@id='nav-left']/li[4]/a]点击操作成功
2013-07-17 18:46:47 INFO  [Main][FrameElement]点击操作成功
2013-07-17 18:46:47 INFO  [Main]当前页面发生了变化，切换到了新的页面--->Selenium WebDriver入门教程-Heroku | Welcome Here
