2013-07-30 15:46:09 INFO  [Main]扫描file类型的class文件...
2013-07-30 15:46:09 INFO  [Main]扫描file类型的class文件...
2013-07-30 15:46:11 INFO  [Case:Method=>hello]*******************测试用例[hello]开始执行*****************
2013-07-30 15:46:34 INFO  [Case:Method=>hello]初始化了浏览器FIREFOX来进行自动化测试
2013-07-30 15:46:48 INFO  [Case:Method=>hello]窗口的句柄数增多，进行句柄收集操作
2013-07-30 15:46:48 INFO  [Case:Method=>hello]添加了新的窗口信息->百度一下，你就知道
2013-07-30 15:46:48 INFO  [Case:Method=>hello]当前初始化页面信息：URL--->http://www.baidu.com/
2013-07-30 15:46:48 INFO  [Case:Method=>hello]当前初始化页面信息：Title--->百度一下，你就知道
2013-07-30 15:46:48 INFO  [Case:Method=>hello]当前初始化页面信息：窗口句柄数--->1
2013-07-30 15:46:48 INFO  [Case:Method=>hello]关闭了浏览器
2013-07-30 15:46:48 INFO  [Case:Method=>hello]*******************测试用例[hello]执行结束****************
2013-07-30 15:48:40 INFO  [Main]扫描file类型的class文件...
2013-07-30 15:48:40 INFO  [Main]扫描file类型的class文件...
2013-07-30 15:48:40 INFO  [Case:Method=>hello]*******************测试用例[hello]开始执行*****************
2013-07-30 15:48:54 INFO  [Case:Method=>hello]初始化了浏览器FIREFOX来进行自动化测试
2013-07-30 15:49:04 INFO  [Case:Method=>hello]窗口的句柄数增多，进行句柄收集操作
2013-07-30 15:49:05 INFO  [Case:Method=>hello]添加了新的窗口信息->百度一下，你就知道
2013-07-30 15:49:05 INFO  [Case:Method=>hello]当前初始化页面信息：URL--->http://www.baidu.com/
2013-07-30 15:49:05 INFO  [Case:Method=>hello]当前初始化页面信息：Title--->百度一下，你就知道
2013-07-30 15:49:05 INFO  [Case:Method=>hello]当前初始化页面信息：窗口句柄数--->1
2013-07-30 15:49:05 INFO  [Case:Method=>hello]关闭了浏览器
2013-07-30 15:49:05 INFO  [Case:Method=>hello]*******************测试用例[hello]执行结束****************
