2013-07-25 15:35:17 INFO  [Case:WindowTest=>steawindowtest]开始对xml资源进行扫描....
2013-07-25 15:35:18 INFO  [Case:WindowTest=>steawindowtest]扫描收集了资源->百度首页-搜索框
2013-07-25 15:35:18 INFO  [Case:WindowTest=>steawindowtest]扫描收集了资源->百度首页-搜索按钮
2013-07-25 15:35:18 INFO  [Case:WindowTest=>steawindowtest]扫描收集了资源->
2013-07-25 15:35:18 INFO  [Case:WindowTest=>steawindowtest]扫描XML资源完毕...
2013-07-25 15:35:18 INFO  [Case:WindowTest=>steawindowtest]开始扫描txt的资源元素...
2013-07-25 15:35:18 INFO  [Case:WindowTest=>steawindowtest]txt资源扫描结束
2013-07-25 15:35:31 INFO  [Case:WindowTest=>steawindowtest]扫描file类型的class文件...
2013-07-25 15:35:31 INFO  [Case:WindowTest=>steawindowtest]扫描file类型的class文件...
2013-07-25 15:35:31 INFO  [Case:WindowTest=>steawindowtest]开始扫描动作监听器......
2013-07-25 15:35:31 INFO  [Case:WindowTest=>steawindowtest]扫描动作监听器结束
2013-07-25 15:35:43 INFO  [Case:WindowTest=>steawindowtest]使用浏览器Firefox进行自动化测试，将要打开网址http://www.baidu.com测试
2013-07-25 15:35:44 INFO  [Case:WindowTest=>steawindowtest]>>[Element]输入值[北京]成功！
2013-07-25 15:35:45 INFO  [Case:WindowTest=>steawindowtest]>>[Element]点击成功！
2013-07-25 15:35:46 INFO  [Case:WindowTest=>steawindowtest]关闭了所有的浏览器！
2013-07-25 15:37:27 INFO  [Case:WindowTest=>steawindowtest]开始对xml资源进行扫描....
2013-07-25 15:37:27 INFO  [Case:WindowTest=>steawindowtest]扫描收集了资源->百度首页-搜索框
2013-07-25 15:37:27 INFO  [Case:WindowTest=>steawindowtest]扫描收集了资源->百度首页-搜索按钮
2013-07-25 15:37:27 INFO  [Case:WindowTest=>steawindowtest]扫描收集了资源->
2013-07-25 15:37:27 INFO  [Case:WindowTest=>steawindowtest]扫描XML资源完毕...
2013-07-25 15:37:27 INFO  [Case:WindowTest=>steawindowtest]开始扫描txt的资源元素...
2013-07-25 15:37:27 INFO  [Case:WindowTest=>steawindowtest]txt资源扫描结束
2013-07-25 15:37:40 INFO  [Case:WindowTest=>steawindowtest]扫描file类型的class文件...
2013-07-25 15:37:40 INFO  [Case:WindowTest=>steawindowtest]扫描file类型的class文件...
2013-07-25 15:37:40 INFO  [Case:WindowTest=>steawindowtest]开始扫描动作监听器......
2013-07-25 15:37:40 INFO  [Case:WindowTest=>steawindowtest]扫描动作监听器结束
2013-07-25 15:37:50 INFO  [Case:WindowTest=>steawindowtest]使用浏览器Firefox进行自动化测试，将要打开网址http://www.baidu.com测试
2013-07-25 15:39:00 INFO  [Case:WindowTest=>steawindowtest]开始对xml资源进行扫描....
2013-07-25 15:39:00 INFO  [Case:WindowTest=>steawindowtest]扫描收集了资源->百度首页-搜索框
2013-07-25 15:39:00 INFO  [Case:WindowTest=>steawindowtest]扫描收集了资源->百度首页-搜索按钮
2013-07-25 15:39:00 INFO  [Case:WindowTest=>steawindowtest]扫描收集了资源->
2013-07-25 15:39:00 INFO  [Case:WindowTest=>steawindowtest]扫描XML资源完毕...
2013-07-25 15:39:00 INFO  [Case:WindowTest=>steawindowtest]开始扫描txt的资源元素...
2013-07-25 15:39:00 INFO  [Case:WindowTest=>steawindowtest]txt资源扫描结束
2013-07-25 15:39:13 INFO  [Case:WindowTest=>steawindowtest]扫描file类型的class文件...
2013-07-25 15:39:13 INFO  [Case:WindowTest=>steawindowtest]扫描file类型的class文件...
2013-07-25 15:39:13 INFO  [Case:WindowTest=>steawindowtest]开始扫描动作监听器......
2013-07-25 15:39:13 INFO  [Case:WindowTest=>steawindowtest]扫描动作监听器结束
2013-07-25 15:39:24 INFO  [Case:WindowTest=>steawindowtest]使用浏览器Firefox进行自动化测试，将要打开网址http://www.baidu.com测试
2013-07-25 15:40:13 INFO  [Case:WindowTest=>steawindowtest]开始对xml资源进行扫描....
2013-07-25 15:40:14 INFO  [Case:WindowTest=>steawindowtest]扫描收集了资源->百度首页-搜索框
2013-07-25 15:40:14 INFO  [Case:WindowTest=>steawindowtest]扫描收集了资源->百度首页-搜索按钮
2013-07-25 15:40:14 INFO  [Case:WindowTest=>steawindowtest]扫描收集了资源->
2013-07-25 15:40:14 INFO  [Case:WindowTest=>steawindowtest]扫描XML资源完毕...
2013-07-25 15:40:14 INFO  [Case:WindowTest=>steawindowtest]开始扫描txt的资源元素...
2013-07-25 15:40:14 INFO  [Case:WindowTest=>steawindowtest]txt资源扫描结束
2013-07-25 15:40:25 INFO  [Case:WindowTest=>steawindowtest]扫描file类型的class文件...
2013-07-25 15:40:25 INFO  [Case:WindowTest=>steawindowtest]扫描file类型的class文件...
2013-07-25 15:40:25 INFO  [Case:WindowTest=>steawindowtest]开始扫描动作监听器......
2013-07-25 15:40:25 INFO  [Case:WindowTest=>steawindowtest]扫描动作监听器结束
2013-07-25 15:40:26 INFO  [Case:WindowTest=>steawindowtest]使用浏览器Firefox进行自动化测试，将要打开网址http://www.baidu.com测试
2013-07-25 15:42:23 INFO  [Case:WindowTest=>steawindowtest]开始对xml资源进行扫描....
2013-07-25 15:42:23 INFO  [Case:WindowTest=>steawindowtest]扫描收集了资源->百度首页-搜索框
2013-07-25 15:42:23 INFO  [Case:WindowTest=>steawindowtest]扫描收集了资源->百度首页-搜索按钮
2013-07-25 15:42:23 INFO  [Case:WindowTest=>steawindowtest]扫描收集了资源->
2013-07-25 15:42:23 INFO  [Case:WindowTest=>steawindowtest]扫描XML资源完毕...
2013-07-25 15:42:23 INFO  [Case:WindowTest=>steawindowtest]开始扫描txt的资源元素...
2013-07-25 15:42:23 INFO  [Case:WindowTest=>steawindowtest]txt资源扫描结束
2013-07-25 15:42:33 INFO  [Case:WindowTest=>steawindowtest]扫描file类型的class文件...
2013-07-25 15:42:33 INFO  [Case:WindowTest=>steawindowtest]扫描file类型的class文件...
2013-07-25 15:42:33 INFO  [Case:WindowTest=>steawindowtest]开始扫描动作监听器......
2013-07-25 15:42:33 INFO  [Case:WindowTest=>steawindowtest]扫描动作监听器结束
2013-07-25 15:42:41 INFO  [Case:WindowTest=>steawindowtest]使用浏览器Firefox进行自动化测试，将要打开网址http://www.baidu.com测试
2013-07-25 15:48:45 INFO  [Case:WindowTest=>steawindowtest]开始对xml资源进行扫描....
2013-07-25 15:48:45 INFO  [Case:WindowTest=>steawindowtest]扫描收集了资源->百度首页-搜索框
2013-07-25 15:48:45 INFO  [Case:WindowTest=>steawindowtest]扫描收集了资源->百度首页-搜索按钮
2013-07-25 15:48:45 INFO  [Case:WindowTest=>steawindowtest]扫描收集了资源->
2013-07-25 15:48:45 INFO  [Case:WindowTest=>steawindowtest]扫描XML资源完毕...
2013-07-25 15:48:45 INFO  [Case:WindowTest=>steawindowtest]开始扫描txt的资源元素...
2013-07-25 15:48:45 INFO  [Case:WindowTest=>steawindowtest]txt资源扫描结束
2013-07-25 15:49:00 INFO  [Case:WindowTest=>steawindowtest]扫描file类型的class文件...
2013-07-25 15:49:00 INFO  [Case:WindowTest=>steawindowtest]扫描file类型的class文件...
2013-07-25 15:49:00 INFO  [Case:WindowTest=>steawindowtest]开始扫描动作监听器......
2013-07-25 15:49:00 INFO  [Case:WindowTest=>steawindowtest]扫描动作监听器结束
2013-07-25 15:49:14 INFO  [Case:WindowTest=>steawindowtest]使用浏览器Firefox进行自动化测试，将要打开网址http://www.baidu.com测试
2013-07-25 15:52:16 INFO  [Case:WindowTest=>steawindowtest]开始对xml资源进行扫描....
2013-07-25 15:52:17 INFO  [Case:WindowTest=>steawindowtest]扫描收集了资源->百度首页-搜索框
2013-07-25 15:52:17 INFO  [Case:WindowTest=>steawindowtest]扫描收集了资源->百度首页-搜索按钮
2013-07-25 15:52:17 INFO  [Case:WindowTest=>steawindowtest]扫描收集了资源->
2013-07-25 15:52:17 INFO  [Case:WindowTest=>steawindowtest]扫描XML资源完毕...
2013-07-25 15:52:17 INFO  [Case:WindowTest=>steawindowtest]开始扫描txt的资源元素...
2013-07-25 15:52:17 INFO  [Case:WindowTest=>steawindowtest]txt资源扫描结束
2013-07-25 15:52:30 INFO  [Case:WindowTest=>steawindowtest]扫描file类型的class文件...
2013-07-25 15:52:30 INFO  [Case:WindowTest=>steawindowtest]扫描file类型的class文件...
2013-07-25 15:52:30 INFO  [Case:WindowTest=>steawindowtest]开始扫描动作监听器......
2013-07-25 15:52:30 INFO  [Case:WindowTest=>steawindowtest]扫描动作监听器结束
2013-07-25 15:52:36 INFO  [Case:WindowTest=>steawindowtest]使用浏览器Firefox进行自动化测试，将要打开网址http://www.baidu.com测试
2013-07-25 15:53:11 INFO  [Case:WindowTest=>steawindowtest]开始对xml资源进行扫描....
2013-07-25 15:53:11 INFO  [Case:WindowTest=>steawindowtest]扫描收集了资源->百度首页-搜索框
2013-07-25 15:53:11 INFO  [Case:WindowTest=>steawindowtest]扫描收集了资源->百度首页-搜索按钮
2013-07-25 15:53:11 INFO  [Case:WindowTest=>steawindowtest]扫描收集了资源->
2013-07-25 15:53:11 INFO  [Case:WindowTest=>steawindowtest]扫描XML资源完毕...
2013-07-25 15:53:11 INFO  [Case:WindowTest=>steawindowtest]开始扫描txt的资源元素...
2013-07-25 15:53:11 INFO  [Case:WindowTest=>steawindowtest]txt资源扫描结束
2013-07-25 15:53:19 INFO  [Case:WindowTest=>steawindowtest]扫描file类型的class文件...
2013-07-25 15:53:19 INFO  [Case:WindowTest=>steawindowtest]扫描file类型的class文件...
2013-07-25 15:53:19 INFO  [Case:WindowTest=>steawindowtest]开始扫描动作监听器......
2013-07-25 15:53:19 INFO  [Case:WindowTest=>steawindowtest]扫描动作监听器结束
2013-07-25 15:53:21 INFO  [Case:WindowTest=>steawindowtest]使用浏览器Firefox进行自动化测试，将要打开网址http://www.baidu.com测试
2013-07-25 15:53:27 INFO  [Case:WindowTest=>steawindowtest]关闭了所有的浏览器！
