2013-07-11 09:21:37 INFO  [Main]初始化了浏览器FIREFOX来进行自动化测试
2013-07-11 09:21:52 INFO  [Main]窗口的句柄数增多，进行句柄收集操作
2013-07-11 09:21:52 INFO  [Main]添加了新的窗口信息->WebDriver教程 | 元素定位和元素操作
2013-07-11 09:21:52 INFO  [Main]当前初始化页面信息：URL--->http://localhost:3000/action
2013-07-11 09:21:52 INFO  [Main]当前初始化页面信息：Title--->WebDriver教程 | 元素定位和元素操作
2013-07-11 09:21:52 INFO  [Main]当前初始化页面信息：窗口句柄数--->1
2013-07-11 09:22:02 INFO  [Main][By.id: action-tagname]点击操作成功
2013-07-11 09:26:28 INFO  [Main]初始化了浏览器FIREFOX来进行自动化测试
2013-07-11 09:26:42 INFO  [Main]窗口的句柄数增多，进行句柄收集操作
2013-07-11 09:26:42 INFO  [Main]添加了新的窗口信息->WebDriver教程 | 元素定位和元素操作
2013-07-11 09:26:42 INFO  [Main]当前初始化页面信息：URL--->http://localhost:3000/action
2013-07-11 09:26:42 INFO  [Main]当前初始化页面信息：Title--->WebDriver教程 | 元素定位和元素操作
2013-07-11 09:26:42 INFO  [Main]当前初始化页面信息：窗口句柄数--->1
2013-07-11 09:26:53 INFO  [Main][By.id: action-tagname]点击操作成功
2013-07-11 09:32:11 INFO  [Main]初始化了浏览器FIREFOX来进行自动化测试
2013-07-11 09:32:24 INFO  [Main]窗口的句柄数增多，进行句柄收集操作
2013-07-11 09:32:24 INFO  [Main]添加了新的窗口信息->WebDriver教程 | 元素定位和元素操作
2013-07-11 09:32:24 INFO  [Main]当前初始化页面信息：URL--->http://localhost:3000/action
2013-07-11 09:32:24 INFO  [Main]当前初始化页面信息：Title--->WebDriver教程 | 元素定位和元素操作
2013-07-11 09:32:24 INFO  [Main]当前初始化页面信息：窗口句柄数--->1
2013-07-11 09:32:35 INFO  [Main][By.id: action-tagname]点击操作成功
2013-07-11 09:35:23 INFO  [Main]初始化了浏览器FIREFOX来进行自动化测试
2013-07-11 09:35:34 INFO  [Main]窗口的句柄数增多，进行句柄收集操作
2013-07-11 09:35:34 INFO  [Main]添加了新的窗口信息->WebDriver教程 | 元素定位和元素操作
2013-07-11 09:35:35 INFO  [Main]当前初始化页面信息：URL--->http://localhost:3000/action
2013-07-11 09:35:35 INFO  [Main]当前初始化页面信息：Title--->WebDriver教程 | 元素定位和元素操作
2013-07-11 09:35:35 INFO  [Main]当前初始化页面信息：窗口句柄数--->1
2013-07-11 09:35:45 INFO  [Main][By.id: action-tagname]点击操作成功
2013-07-11 09:37:56 INFO  [Main]初始化了浏览器FIREFOX来进行自动化测试
2013-07-11 09:38:08 INFO  [Main]窗口的句柄数增多，进行句柄收集操作
2013-07-11 09:38:08 INFO  [Main]添加了新的窗口信息->WebDriver教程 | 元素定位和元素操作
2013-07-11 09:38:08 INFO  [Main]当前初始化页面信息：URL--->http://localhost:3000/action
2013-07-11 09:38:08 INFO  [Main]当前初始化页面信息：Title--->WebDriver教程 | 元素定位和元素操作
2013-07-11 09:38:08 INFO  [Main]当前初始化页面信息：窗口句柄数--->1
2013-07-11 09:38:19 INFO  [Main][By.id: action-tagname]点击操作成功
2013-07-11 09:43:15 INFO  [Main]初始化了浏览器FIREFOX来进行自动化测试
2013-07-11 09:43:26 INFO  [Main]窗口的句柄数增多，进行句柄收集操作
2013-07-11 09:43:27 INFO  [Main]添加了新的窗口信息->WebDriver教程 | 元素定位和元素操作
2013-07-11 09:43:27 INFO  [Main]当前初始化页面信息：URL--->http://localhost:3000/action
2013-07-11 09:43:27 INFO  [Main]当前初始化页面信息：Title--->WebDriver教程 | 元素定位和元素操作
2013-07-11 09:43:27 INFO  [Main]当前初始化页面信息：窗口句柄数--->1
2013-07-11 09:43:27 INFO  [Main][By.id: action-tagname]点击操作成功
2013-07-11 09:59:41 INFO  [Main]初始化了浏览器FIREFOX来进行自动化测试
2013-07-11 09:59:55 INFO  [Main]窗口的句柄数增多，进行句柄收集操作
2013-07-11 09:59:55 INFO  [Main]添加了新的窗口信息->WebDriver教程 | 元素定位和元素操作
2013-07-11 09:59:55 INFO  [Main]当前初始化页面信息：URL--->http://localhost:3000/action
2013-07-11 09:59:55 INFO  [Main]当前初始化页面信息：Title--->WebDriver教程 | 元素定位和元素操作
2013-07-11 09:59:55 INFO  [Main]当前初始化页面信息：窗口句柄数--->1
2013-07-11 09:59:56 INFO  [Main][By.id: action-tagname]点击操作成功
2013-07-11 10:07:25 INFO  [Main]初始化了浏览器FIREFOX来进行自动化测试
2013-07-11 10:07:40 INFO  [Main]窗口的句柄数增多，进行句柄收集操作
2013-07-11 10:07:40 INFO  [Main]添加了新的窗口信息->WebDriver教程 | 元素定位和元素操作
2013-07-11 10:07:40 INFO  [Main]当前初始化页面信息：URL--->http://localhost:3000/action
2013-07-11 10:07:40 INFO  [Main]当前初始化页面信息：Title--->WebDriver教程 | 元素定位和元素操作
2013-07-11 10:07:40 INFO  [Main]当前初始化页面信息：窗口句柄数--->1
2013-07-11 10:07:40 INFO  [Main][By.id: action-tagname]点击操作成功
2013-07-11 10:08:18 INFO  [Main]初始化了浏览器FIREFOX来进行自动化测试
2013-07-11 10:08:30 INFO  [Main]窗口的句柄数增多，进行句柄收集操作
2013-07-11 10:08:30 INFO  [Main]添加了新的窗口信息->WebDriver教程 | 元素定位和元素操作
2013-07-11 10:08:30 INFO  [Main]当前初始化页面信息：URL--->http://localhost:3000/action
2013-07-11 10:08:30 INFO  [Main]当前初始化页面信息：Title--->WebDriver教程 | 元素定位和元素操作
2013-07-11 10:08:30 INFO  [Main]当前初始化页面信息：窗口句柄数--->1
2013-07-11 10:08:30 INFO  [Main][By.id: action-tagname]点击操作成功
2013-07-11 10:08:32 INFO  [Main][null]获取文本值[tagName就是标签名的意思。关于TagName的使用就更加的普遍了，因为页面就是由HTML的各种各样的标签组成的，所以我们在这里演示一个例子，就是把当前框框内的这段话打印出来。顺便我们还会讲解一下 findELements的使用方法。findElement是返回一个元素，findElements是返回一组元素。其实我在观察selenium的源码的时候，findElement就是findElement()取第一个元素 的实现。所以有的时候我们碰见了一组元素使用findElement也不会报错，因为它会把我们得到的第一个元素返回。在webdriver的演示代码中我会使用到层级定位的方式，通过注释的方式 来描述出来，大家可以理解一下。具体的使用情况我们通过源码来解析。
java
python
ruby
s-tea1.0
s-tea3.0
?
1
2
3
4
5
6
7
8
9
10
11
12
13
14
15
16
17
18
@Test
public void tagtest() throws InterruptedException{
    WebDriver driver = new FirefoxDriver();
    driver.manage().window().maximize();
    driver.get("http://web/action");
    //点击开tagname元素定位的隐藏栏目
    driver.findElement(By.id("action-tagname")).click();
    //找到我们想要找的元素，通过一层层的定位元素的位置来实现，我们通过观察页面的源码，然后再来对比我一层层的查找元素的方式就是层级定位。
    WebElement textElement=driver.findElement(By.id("locatorTagName"))
          .findElement(By.className("accordion-inner"))
          .findElements(By.tagName("div")).get(0);
    String text = textElement.getText();
    //我们把获取到的内容通过alert的形式打印出来，然后等待3秒钟之后再关掉alert和浏览器。
    ((JavascriptExecutor)driver).executeScript("alert('"+text+"')");
    Thread.sleep(3000);
    driver.switchTo().alert().accept();
    driver.quit();
}]操作成功
2013-07-11 10:28:14 INFO  [Main]初始化了浏览器FIREFOX来进行自动化测试
2013-07-11 10:28:30 INFO  [Main]窗口的句柄数增多，进行句柄收集操作
2013-07-11 10:28:30 INFO  [Main]添加了新的窗口信息->WebDriver教程 | 元素定位和元素操作
2013-07-11 10:28:30 INFO  [Main]当前初始化页面信息：URL--->http://localhost:3000/action
2013-07-11 10:28:30 INFO  [Main]当前初始化页面信息：Title--->WebDriver教程 | 元素定位和元素操作
2013-07-11 10:28:30 INFO  [Main]当前初始化页面信息：窗口句柄数--->1
2013-07-11 10:28:30 INFO  [Main][By.id: action-tagname]点击操作成功
2013-07-11 10:30:54 INFO  [Main]初始化了浏览器FIREFOX来进行自动化测试
2013-07-11 10:31:05 INFO  [Main]窗口的句柄数增多，进行句柄收集操作
2013-07-11 10:31:05 INFO  [Main]添加了新的窗口信息->WebDriver教程 | 元素定位和元素操作
2013-07-11 10:31:05 INFO  [Main]当前初始化页面信息：URL--->http://localhost:3000/action
2013-07-11 10:31:05 INFO  [Main]当前初始化页面信息：Title--->WebDriver教程 | 元素定位和元素操作
2013-07-11 10:31:05 INFO  [Main]当前初始化页面信息：窗口句柄数--->1
2013-07-11 10:31:05 INFO  [Main][By.id: action-tagname]点击操作成功
2013-07-11 10:35:35 INFO  [Main]初始化了浏览器FIREFOX来进行自动化测试
2013-07-11 10:35:45 INFO  [Main]窗口的句柄数增多，进行句柄收集操作
2013-07-11 10:35:45 INFO  [Main]添加了新的窗口信息->WebDriver教程 | 元素定位和元素操作
2013-07-11 10:35:45 INFO  [Main]当前初始化页面信息：URL--->http://localhost:3000/action
2013-07-11 10:35:45 INFO  [Main]当前初始化页面信息：Title--->WebDriver教程 | 元素定位和元素操作
2013-07-11 10:35:45 INFO  [Main]当前初始化页面信息：窗口句柄数--->1
2013-07-11 10:35:46 INFO  [Main][By.id: action-tagname]点击操作成功
2013-07-11 10:41:03 INFO  [Main]初始化了浏览器FIREFOX来进行自动化测试
2013-07-11 10:41:17 INFO  [Main]窗口的句柄数增多，进行句柄收集操作
2013-07-11 10:41:17 INFO  [Main]添加了新的窗口信息->WebDriver教程 | 元素定位和元素操作
2013-07-11 10:41:17 INFO  [Main]当前初始化页面信息：URL--->http://localhost:3000/action
2013-07-11 10:41:17 INFO  [Main]当前初始化页面信息：Title--->WebDriver教程 | 元素定位和元素操作
2013-07-11 10:41:17 INFO  [Main]当前初始化页面信息：窗口句柄数--->1
2013-07-11 10:41:18 INFO  [Main][By.id: action-tagname]点击操作成功
2013-07-11 11:02:01 INFO  [Main]初始化了浏览器FIREFOX来进行自动化测试
2013-07-11 11:02:12 INFO  [Main]窗口的句柄数增多，进行句柄收集操作
2013-07-11 11:02:12 INFO  [Main]添加了新的窗口信息->WebDriver教程 | 元素定位和元素操作
2013-07-11 11:02:12 INFO  [Main]当前初始化页面信息：URL--->http://localhost:3000/action
2013-07-11 11:02:12 INFO  [Main]当前初始化页面信息：Title--->WebDriver教程 | 元素定位和元素操作
2013-07-11 11:02:12 INFO  [Main]当前初始化页面信息：窗口句柄数--->1
2013-07-11 11:02:12 INFO  [Main][By.id: action-tagname]点击操作成功
2013-07-11 11:04:53 INFO  [Main]初始化了浏览器FIREFOX来进行自动化测试
2013-07-11 11:05:04 INFO  [Main]窗口的句柄数增多，进行句柄收集操作
2013-07-11 11:05:04 INFO  [Main]添加了新的窗口信息->WebDriver教程 | 元素定位和元素操作
2013-07-11 11:05:04 INFO  [Main]当前初始化页面信息：URL--->http://localhost:3000/action
2013-07-11 11:05:04 INFO  [Main]当前初始化页面信息：Title--->WebDriver教程 | 元素定位和元素操作
2013-07-11 11:05:04 INFO  [Main]当前初始化页面信息：窗口句柄数--->1
2013-07-11 11:05:05 INFO  [Main][By.id: action-tagname]点击操作成功
2013-07-11 11:08:55 INFO  [Main]初始化了浏览器FIREFOX来进行自动化测试
2013-07-11 11:09:07 INFO  [Main]窗口的句柄数增多，进行句柄收集操作
2013-07-11 11:09:07 INFO  [Main]添加了新的窗口信息->WebDriver教程 | 元素定位和元素操作
2013-07-11 11:09:07 INFO  [Main]当前初始化页面信息：URL--->http://localhost:3000/action
2013-07-11 11:09:07 INFO  [Main]当前初始化页面信息：Title--->WebDriver教程 | 元素定位和元素操作
2013-07-11 11:09:07 INFO  [Main]当前初始化页面信息：窗口句柄数--->1
2013-07-11 11:09:08 INFO  [Main][By.id: action-tagname]点击操作成功
2013-07-11 11:10:33 INFO  [Main]初始化了浏览器FIREFOX来进行自动化测试
2013-07-11 11:10:44 INFO  [Main]窗口的句柄数增多，进行句柄收集操作
2013-07-11 11:10:45 INFO  [Main]添加了新的窗口信息->WebDriver教程 | 元素定位和元素操作
2013-07-11 11:10:45 INFO  [Main]当前初始化页面信息：URL--->http://localhost:3000/action
2013-07-11 11:10:45 INFO  [Main]当前初始化页面信息：Title--->WebDriver教程 | 元素定位和元素操作
2013-07-11 11:10:45 INFO  [Main]当前初始化页面信息：窗口句柄数--->1
2013-07-11 11:10:45 INFO  [Main][By.id: action-tagname]点击操作成功
2013-07-11 11:12:00 INFO  [Main]初始化了浏览器FIREFOX来进行自动化测试
2013-07-11 11:12:10 INFO  [Main]窗口的句柄数增多，进行句柄收集操作
2013-07-11 11:12:10 INFO  [Main]添加了新的窗口信息->WebDriver教程 | 元素定位和元素操作
2013-07-11 11:12:10 INFO  [Main]当前初始化页面信息：URL--->http://localhost:3000/action
2013-07-11 11:12:10 INFO  [Main]当前初始化页面信息：Title--->WebDriver教程 | 元素定位和元素操作
2013-07-11 11:12:10 INFO  [Main]当前初始化页面信息：窗口句柄数--->1
2013-07-11 11:12:11 INFO  [Main][By.id: action-tagname]点击操作成功
2013-07-11 11:15:35 INFO  [Main]初始化了浏览器FIREFOX来进行自动化测试
2013-07-11 11:15:48 INFO  [Main]窗口的句柄数增多，进行句柄收集操作
2013-07-11 11:15:48 INFO  [Main]添加了新的窗口信息->WebDriver教程 | 元素定位和元素操作
2013-07-11 11:15:48 INFO  [Main]当前初始化页面信息：URL--->http://localhost:3000/action
2013-07-11 11:15:48 INFO  [Main]当前初始化页面信息：Title--->WebDriver教程 | 元素定位和元素操作
2013-07-11 11:15:48 INFO  [Main]当前初始化页面信息：窗口句柄数--->1
2013-07-11 11:15:49 INFO  [Main][By.id: action-tagname]点击操作成功
2013-07-11 11:17:18 INFO  [Main]初始化了浏览器FIREFOX来进行自动化测试
2013-07-11 11:17:30 INFO  [Main]窗口的句柄数增多，进行句柄收集操作
2013-07-11 11:17:30 INFO  [Main]添加了新的窗口信息->WebDriver教程 | 元素定位和元素操作
2013-07-11 11:17:30 INFO  [Main]当前初始化页面信息：URL--->http://localhost:3000/action
2013-07-11 11:17:30 INFO  [Main]当前初始化页面信息：Title--->WebDriver教程 | 元素定位和元素操作
2013-07-11 11:17:30 INFO  [Main]当前初始化页面信息：窗口句柄数--->1
2013-07-11 11:17:30 INFO  [Main][By.id: action-tagname]点击操作成功
2013-07-11 11:18:43 INFO  [Main]初始化了浏览器FIREFOX来进行自动化测试
2013-07-11 11:18:55 INFO  [Main]窗口的句柄数增多，进行句柄收集操作
2013-07-11 11:18:55 INFO  [Main]添加了新的窗口信息->WebDriver教程 | 元素定位和元素操作
2013-07-11 11:18:55 INFO  [Main]当前初始化页面信息：URL--->http://localhost:3000/action
2013-07-11 11:18:55 INFO  [Main]当前初始化页面信息：Title--->WebDriver教程 | 元素定位和元素操作
2013-07-11 11:18:55 INFO  [Main]当前初始化页面信息：窗口句柄数--->1
2013-07-11 11:18:55 INFO  [Main][By.id: action-tagname]点击操作成功
2013-07-11 11:20:34 INFO  [Main]初始化了浏览器FIREFOX来进行自动化测试
2013-07-11 11:20:50 INFO  [Main]窗口的句柄数增多，进行句柄收集操作
2013-07-11 11:20:50 INFO  [Main]添加了新的窗口信息->WebDriver教程 | 元素定位和元素操作
2013-07-11 11:20:50 INFO  [Main]当前初始化页面信息：URL--->http://localhost:3000/action
2013-07-11 11:20:50 INFO  [Main]当前初始化页面信息：Title--->WebDriver教程 | 元素定位和元素操作
2013-07-11 11:20:50 INFO  [Main]当前初始化页面信息：窗口句柄数--->1
2013-07-11 11:20:50 INFO  [Main][By.id: action-tagname]点击操作成功
2013-07-11 11:24:15 INFO  [Main]初始化了浏览器FIREFOX来进行自动化测试
2013-07-11 11:24:26 INFO  [Main]窗口的句柄数增多，进行句柄收集操作
2013-07-11 11:24:26 INFO  [Main]添加了新的窗口信息->WebDriver教程 | 元素定位和元素操作
2013-07-11 11:24:27 INFO  [Main]当前初始化页面信息：URL--->http://localhost:3000/action
2013-07-11 11:24:27 INFO  [Main]当前初始化页面信息：Title--->WebDriver教程 | 元素定位和元素操作
2013-07-11 11:24:27 INFO  [Main]当前初始化页面信息：窗口句柄数--->1
2013-07-11 11:24:27 INFO  [Main][By.id: action-tagname]点击操作成功
2013-07-11 11:25:20 INFO  [Main]初始化了浏览器FIREFOX来进行自动化测试
2013-07-11 11:25:30 INFO  [Main]窗口的句柄数增多，进行句柄收集操作
2013-07-11 11:25:30 INFO  [Main]添加了新的窗口信息->WebDriver教程 | 元素定位和元素操作
2013-07-11 11:25:30 INFO  [Main]当前初始化页面信息：URL--->http://localhost:3000/action
2013-07-11 11:25:30 INFO  [Main]当前初始化页面信息：Title--->WebDriver教程 | 元素定位和元素操作
2013-07-11 11:25:30 INFO  [Main]当前初始化页面信息：窗口句柄数--->1
2013-07-11 11:25:31 INFO  [Main][By.id: action-tagname]点击操作成功
2013-07-11 11:27:35 INFO  [Main]初始化了浏览器FIREFOX来进行自动化测试
2013-07-11 11:27:48 INFO  [Main]窗口的句柄数增多，进行句柄收集操作
2013-07-11 11:27:48 INFO  [Main]添加了新的窗口信息->WebDriver教程 | 元素定位和元素操作
2013-07-11 11:27:48 INFO  [Main]当前初始化页面信息：URL--->http://localhost:3000/action
2013-07-11 11:27:48 INFO  [Main]当前初始化页面信息：Title--->WebDriver教程 | 元素定位和元素操作
2013-07-11 11:27:48 INFO  [Main]当前初始化页面信息：窗口句柄数--->1
2013-07-11 11:27:49 INFO  [Main][By.id: action-tagname]点击操作成功
2013-07-11 11:31:34 INFO  [Main]初始化了浏览器FIREFOX来进行自动化测试
2013-07-11 11:31:44 INFO  [Main]窗口的句柄数增多，进行句柄收集操作
2013-07-11 11:31:44 INFO  [Main]添加了新的窗口信息->WebDriver教程 | 元素定位和元素操作
2013-07-11 11:31:44 INFO  [Main]当前初始化页面信息：URL--->http://localhost:3000/action
2013-07-11 11:31:44 INFO  [Main]当前初始化页面信息：Title--->WebDriver教程 | 元素定位和元素操作
2013-07-11 11:31:44 INFO  [Main]当前初始化页面信息：窗口句柄数--->1
2013-07-11 11:31:45 INFO  [Main][By.id: action-tagname]点击操作成功
2013-07-11 13:38:39 INFO  [Main]初始化了浏览器FIREFOX来进行自动化测试
2013-07-11 13:39:29 INFO  [Main]窗口的句柄数增多，进行句柄收集操作
2013-07-11 13:39:29 INFO  [Main]添加了新的窗口信息->WebDriver教程 | 元素定位和元素操作
2013-07-11 13:39:29 INFO  [Main]当前初始化页面信息：URL--->http://localhost:3000/action
2013-07-11 13:39:29 INFO  [Main]当前初始化页面信息：Title--->WebDriver教程 | 元素定位和元素操作
2013-07-11 13:39:29 INFO  [Main]当前初始化页面信息：窗口句柄数--->1
2013-07-11 13:39:29 INFO  [Main][By.id: action-tagname]点击操作成功
2013-07-11 13:51:13 INFO  [Main]初始化了浏览器FIREFOX来进行自动化测试
2013-07-11 13:51:17 INFO  [Main]窗口的句柄数增多，进行句柄收集操作
2013-07-11 13:51:17 INFO  [Main]添加了新的窗口信息->WebDriver教程 | 元素定位和元素操作
2013-07-11 13:51:17 INFO  [Main]当前初始化页面信息：URL--->http://localhost:3000/action
2013-07-11 13:51:17 INFO  [Main]当前初始化页面信息：Title--->WebDriver教程 | 元素定位和元素操作
2013-07-11 13:51:17 INFO  [Main]当前初始化页面信息：窗口句柄数--->1
2013-07-11 13:51:18 INFO  [Main][By.id: action-tagname]点击操作成功
2013-07-11 13:53:14 INFO  [Main]初始化了浏览器FIREFOX来进行自动化测试
2013-07-11 13:53:17 INFO  [Main]窗口的句柄数增多，进行句柄收集操作
2013-07-11 13:53:17 INFO  [Main]添加了新的窗口信息->WebDriver教程 | 元素定位和元素操作
2013-07-11 13:53:17 INFO  [Main]当前初始化页面信息：URL--->http://localhost:3000/action
2013-07-11 13:53:17 INFO  [Main]当前初始化页面信息：Title--->WebDriver教程 | 元素定位和元素操作
2013-07-11 13:53:17 INFO  [Main]当前初始化页面信息：窗口句柄数--->1
2013-07-11 13:53:17 INFO  [Main][By.id: action-tagname]点击操作成功
2013-07-11 13:59:23 INFO  [Main]初始化了浏览器FIREFOX来进行自动化测试
2013-07-11 13:59:33 INFO  [Main]窗口的句柄数增多，进行句柄收集操作
2013-07-11 13:59:33 INFO  [Main]添加了新的窗口信息->WebDriver教程 | 元素定位和元素操作
2013-07-11 13:59:33 INFO  [Main]当前初始化页面信息：URL--->http://localhost:3000/action
2013-07-11 13:59:33 INFO  [Main]当前初始化页面信息：Title--->WebDriver教程 | 元素定位和元素操作
2013-07-11 13:59:33 INFO  [Main]当前初始化页面信息：窗口句柄数--->1
2013-07-11 13:59:33 INFO  [Main][By.id: action-tagname]点击操作成功
2013-07-11 14:01:52 INFO  [Main]初始化了浏览器FIREFOX来进行自动化测试
2013-07-11 14:01:58 INFO  [Main]窗口的句柄数增多，进行句柄收集操作
2013-07-11 14:01:58 INFO  [Main]添加了新的窗口信息->WebDriver教程 | 元素定位和元素操作
2013-07-11 14:01:58 INFO  [Main]当前初始化页面信息：URL--->http://localhost:3000/action
2013-07-11 14:01:58 INFO  [Main]当前初始化页面信息：Title--->WebDriver教程 | 元素定位和元素操作
2013-07-11 14:01:58 INFO  [Main]当前初始化页面信息：窗口句柄数--->1
2013-07-11 14:01:59 INFO  [Main][By.id: action-tagname]点击操作成功
2013-07-11 14:02:42 INFO  [Main]初始化了浏览器FIREFOX来进行自动化测试
2013-07-11 14:02:46 INFO  [Main]窗口的句柄数增多，进行句柄收集操作
2013-07-11 14:02:46 INFO  [Main]添加了新的窗口信息->WebDriver教程 | 元素定位和元素操作
2013-07-11 14:02:46 INFO  [Main]当前初始化页面信息：URL--->http://localhost:3000/action
2013-07-11 14:02:46 INFO  [Main]当前初始化页面信息：Title--->WebDriver教程 | 元素定位和元素操作
2013-07-11 14:02:46 INFO  [Main]当前初始化页面信息：窗口句柄数--->1
2013-07-11 14:02:46 INFO  [Main][By.id: action-tagname]点击操作成功
2013-07-11 14:07:02 INFO  [Main]初始化了浏览器FIREFOX来进行自动化测试
2013-07-11 14:07:05 INFO  [Main]窗口的句柄数增多，进行句柄收集操作
2013-07-11 14:07:05 INFO  [Main]添加了新的窗口信息->WebDriver教程 | 元素定位和元素操作
2013-07-11 14:07:05 INFO  [Main]当前初始化页面信息：URL--->http://localhost:3000/action
2013-07-11 14:07:05 INFO  [Main]当前初始化页面信息：Title--->WebDriver教程 | 元素定位和元素操作
2013-07-11 14:07:05 INFO  [Main]当前初始化页面信息：窗口句柄数--->1
2013-07-11 14:07:06 INFO  [Main][By.id: action-tagname]点击操作成功
2013-07-11 14:10:43 INFO  [Main]初始化了浏览器FIREFOX来进行自动化测试
2013-07-11 14:10:46 INFO  [Main]窗口的句柄数增多，进行句柄收集操作
2013-07-11 14:10:46 INFO  [Main]添加了新的窗口信息->WebDriver教程 | 元素定位和元素操作
2013-07-11 14:10:46 INFO  [Main]当前初始化页面信息：URL--->http://localhost:3000/action
2013-07-11 14:10:46 INFO  [Main]当前初始化页面信息：Title--->WebDriver教程 | 元素定位和元素操作
2013-07-11 14:10:46 INFO  [Main]当前初始化页面信息：窗口句柄数--->1
2013-07-11 14:10:46 INFO  [Main][By.id: action-tagname]点击操作成功
2013-07-11 14:23:27 INFO  [Main]初始化了浏览器FIREFOX来进行自动化测试
2013-07-11 14:23:32 INFO  [Main]窗口的句柄数增多，进行句柄收集操作
2013-07-11 14:23:32 INFO  [Main]添加了新的窗口信息->WebDriver教程 | 元素定位和元素操作
2013-07-11 14:23:32 INFO  [Main]当前初始化页面信息：URL--->http://localhost:3000/action
2013-07-11 14:23:32 INFO  [Main]当前初始化页面信息：Title--->WebDriver教程 | 元素定位和元素操作
2013-07-11 14:23:32 INFO  [Main]当前初始化页面信息：窗口句柄数--->1
2013-07-11 14:23:32 INFO  [Main][By.id: action-tagname]点击操作成功
2013-07-11 14:23:33 INFO  [Main][By.xpath: .//*[@id='locatorTagName']/div/div[1]]获取文本值[tagName就是标签名的意思。关于TagName的使用就更加的普遍了，因为页面就是由HTML的各种各样的标签组成的，所以我们在这里演示一个例子，就是把当前框框内的这段话打印出来。顺便我们还会讲解一下 findELements的使用方法。findElement是返回一个元素，findElements是返回一组元素。其实我在观察selenium的源码的时候，findElement就是findElement()取第一个元素 的实现。所以有的时候我们碰见了一组元素使用findElement也不会报错，因为它会把我们得到的第一个元素返回。在webdriver的演示代码中我会使用到层级定位的方式，通过注释的方式 来描述出来，大家可以理解一下。具体的使用情况我们通过源码来解析。]操作成功
2013-07-11 14:23:37 INFO  [Main]关闭了浏览器
2013-07-11 16:40:41 INFO  [Case:LocatorTest=>steacss]开始对xml资源进行扫描....
2013-07-11 16:40:42 INFO  [Case:LocatorTest=>steacss]扫描收集了资源->百度首页-搜索框
2013-07-11 16:40:42 INFO  [Case:LocatorTest=>steacss]扫描收集了资源->百度首页-搜索按钮
2013-07-11 16:40:42 INFO  [Case:LocatorTest=>steacss]扫描收集了资源->
2013-07-11 16:40:42 INFO  [Case:LocatorTest=>steacss]扫描XML资源完毕...
2013-07-11 16:40:42 INFO  [Case:LocatorTest=>steacss]开始扫描txt的资源元素...
2013-07-11 16:40:42 INFO  [Case:LocatorTest=>steacss]txt资源扫描结束
2013-07-11 16:40:57 INFO  [Case:LocatorTest=>steacss]扫描file类型的class文件...
2013-07-11 16:40:57 INFO  [Case:LocatorTest=>steacss]扫描file类型的class文件...
2013-07-11 16:40:58 INFO  [Case:LocatorTest=>steacss]开始扫描动作监听器......
2013-07-11 16:40:58 INFO  [Case:LocatorTest=>steacss]扫描动作监听器结束
2013-07-11 16:41:15 INFO  [Case:LocatorTest=>steacss]使用浏览器Firefox进行自动化测试，将要打开网址http://localhost:3000/action测试
2013-07-11 16:41:15 INFO  [Case:LocatorTest=>steacss]>>[Element]点击成功！
2013-07-11 16:41:15 INFO  [Case:LocatorTest=>steacss]>>[Element]点击成功！
2013-07-11 16:41:19 INFO  [Case:LocatorTest=>steacss]关闭了所有的浏览器！
2013-07-11 16:46:04 INFO  [Main]初始化了浏览器FIREFOX来进行自动化测试
2013-07-11 16:46:18 INFO  [Main]窗口的句柄数增多，进行句柄收集操作
2013-07-11 16:46:19 INFO  [Main]添加了新的窗口信息->Selenium WebDriver入门教程-Heroku | 元素定位和元素操作
2013-07-11 16:46:19 INFO  [Main]当前初始化页面信息：URL--->http://localhost:3000/action
2013-07-11 16:46:19 INFO  [Main]当前初始化页面信息：Title--->Selenium WebDriver入门教程-Heroku | 元素定位和元素操作
2013-07-11 16:46:19 INFO  [Main]当前初始化页面信息：窗口句柄数--->1
2013-07-11 16:46:19 INFO  [Main][By.id: action-tagname]点击操作成功
2013-07-11 16:47:01 INFO  [Main]初始化了浏览器FIREFOX来进行自动化测试
2013-07-11 16:47:56 INFO  [Main]窗口的句柄数增多，进行句柄收集操作
2013-07-11 16:47:56 INFO  [Main]添加了新的窗口信息->Selenium WebDriver入门教程-Heroku | 元素定位和元素操作
2013-07-11 16:47:56 INFO  [Main]当前初始化页面信息：URL--->http://localhost:3000/action
2013-07-11 16:47:56 INFO  [Main]当前初始化页面信息：Title--->Selenium WebDriver入门教程-Heroku | 元素定位和元素操作
2013-07-11 16:47:56 INFO  [Main]当前初始化页面信息：窗口句柄数--->1
2013-07-11 16:47:57 INFO  [Main][By.id: action-css]点击操作成功
2013-07-11 16:47:57 INFO  [Main][By.selector: .alert button]点击操作成功
2013-07-11 16:48:00 INFO  [Main]关闭了浏览器
2013-07-11 17:01:34 INFO  [Case:LocatorTest=>stealink]开始对xml资源进行扫描....
2013-07-11 17:01:35 INFO  [Case:LocatorTest=>stealink]扫描收集了资源->百度首页-搜索框
2013-07-11 17:01:35 INFO  [Case:LocatorTest=>stealink]扫描收集了资源->百度首页-搜索按钮
2013-07-11 17:01:35 INFO  [Case:LocatorTest=>stealink]扫描收集了资源->
2013-07-11 17:01:35 INFO  [Case:LocatorTest=>stealink]扫描XML资源完毕...
2013-07-11 17:01:35 INFO  [Case:LocatorTest=>stealink]开始扫描txt的资源元素...
2013-07-11 17:01:35 INFO  [Case:LocatorTest=>stealink]txt资源扫描结束
2013-07-11 17:01:48 INFO  [Case:LocatorTest=>stealink]扫描file类型的class文件...
2013-07-11 17:01:48 INFO  [Case:LocatorTest=>stealink]扫描file类型的class文件...
2013-07-11 17:01:48 INFO  [Case:LocatorTest=>stealink]开始扫描动作监听器......
2013-07-11 17:01:48 INFO  [Case:LocatorTest=>stealink]扫描动作监听器结束
2013-07-11 17:02:05 INFO  [Case:LocatorTest=>stealink]使用浏览器Firefox进行自动化测试，将要打开网址http://localhost:3000/action测试
2013-07-11 17:02:06 INFO  [Case:LocatorTest=>stealink]>>[Element]点击成功！
2013-07-11 17:02:24 INFO  [Case:LocatorTest=>stealink]开始对xml资源进行扫描....
2013-07-11 17:02:25 INFO  [Case:LocatorTest=>stealink]扫描收集了资源->百度首页-搜索框
2013-07-11 17:02:25 INFO  [Case:LocatorTest=>stealink]扫描收集了资源->百度首页-搜索按钮
2013-07-11 17:02:25 INFO  [Case:LocatorTest=>stealink]扫描收集了资源->
2013-07-11 17:02:25 INFO  [Case:LocatorTest=>stealink]扫描XML资源完毕...
2013-07-11 17:02:25 INFO  [Case:LocatorTest=>stealink]开始扫描txt的资源元素...
2013-07-11 17:02:25 INFO  [Case:LocatorTest=>stealink]txt资源扫描结束
2013-07-11 17:02:37 INFO  [Case:LocatorTest=>stealink]扫描file类型的class文件...
2013-07-11 17:02:37 INFO  [Case:LocatorTest=>stealink]扫描file类型的class文件...
2013-07-11 17:02:37 INFO  [Case:LocatorTest=>stealink]开始扫描动作监听器......
2013-07-11 17:02:37 INFO  [Case:LocatorTest=>stealink]扫描动作监听器结束
2013-07-11 17:02:49 INFO  [Case:LocatorTest=>stealink]使用浏览器Firefox进行自动化测试，将要打开网址http://localhost:3000/action测试
2013-07-11 17:02:49 INFO  [Case:LocatorTest=>stealink]>>[Element]点击成功！
2013-07-11 17:02:50 INFO  [Case:LocatorTest=>stealink]>>[Element]点击成功！
2013-07-11 17:02:53 INFO  [Case:LocatorTest=>stealink]关闭了所有的浏览器！
2013-07-11 17:04:38 INFO  [Main]初始化了浏览器FIREFOX来进行自动化测试
2013-07-11 17:04:51 INFO  [Main]窗口的句柄数增多，进行句柄收集操作
2013-07-11 17:04:51 INFO  [Main]添加了新的窗口信息->Selenium WebDriver入门教程-Heroku | 元素定位和元素操作
2013-07-11 17:04:51 INFO  [Main]当前初始化页面信息：URL--->http://localhost:3000/action
2013-07-11 17:04:51 INFO  [Main]当前初始化页面信息：Title--->Selenium WebDriver入门教程-Heroku | 元素定位和元素操作
2013-07-11 17:04:51 INFO  [Main]当前初始化页面信息：窗口句柄数--->1
2013-07-11 17:04:51 INFO  [Main][By.id: action-link]点击操作成功
2013-07-11 17:04:52 INFO  [Main][By.linkText: 转向百度]点击操作成功
2013-07-11 17:04:52 INFO  [Main]当前页面发生了变化，切换到了新的页面--->百度一下，你就知道
2013-07-11 17:04:56 INFO  [Main]关闭了浏览器
